#
# There is insufficient memory for the Java Runtime Environment to continue.
# Native memory allocation (malloc) failed to allocate 1382408 bytes. Error detail: Chunk::new
# Possible reasons:
#   The system is out of physical RAM or swap space
#   This process is running with CompressedOops enabled, and the Java Heap may be blocking the growth of the native heap
# Possible solutions:
#   Reduce memory load on the system
#   Increase physical memory or swap space
#   Check if swap backing store is full
#   Decrease Java heap size (-Xmx/-Xms)
#   Decrease number of Java threads
#   Decrease Java thread stack sizes (-Xss)
#   Set larger code cache with -XX:ReservedCodeCacheSize=
#   JVM is running with Unscaled Compressed Oops mode in which the Java heap is
#     placed in the first 4GB address space. The Java Heap base address is the
#     maximum limit for the native heap growth. Please use -XX:HeapBaseMinAddress
#     to set the Java Heap base and to place the Java Heap above 4GB virtual address.
# This output file may be truncated or incomplete.
#
#  Out of Memory Error (arena.cpp:162), pid=17128, tid=9764
#
# JRE version: OpenJDK Runtime Environment (24.0.1+9) (build 24.0.1+9-30)
# Java VM: OpenJDK 64-Bit Server VM (24.0.1+9-30, mixed mode, sharing, tiered, compressed oops, compressed class ptrs, g1 gc, windows-amd64)
# No core dump will be written. Minidumps are not enabled by default on client versions of Windows
#

---------------  S U M M A R Y ------------

Command Line: -javaagent:C:\Program Files\JetBrains\IntelliJ IDEA Community Edition 2025.1.3\lib\idea_rt.jar=52085 -Dfile.encoding=UTF-8 -Dsun.stdout.encoding=UTF-8 -Dsun.stderr.encoding=UTF-8 com.example.project.ProjectApplication

Host: 11th Gen Intel(R) Core(TM) i3-1115G4 @ 3.00GHz, 4 cores, 7G,  Windows 11 , 64 bit Build 22621 (10.0.22621.5415)
Time: Sun Jul 20 22:25:21 2025 India Standard Time elapsed time: 8.391796 seconds (0d 0h 0m 8s)

---------------  T H R E A D  ---------------

Current thread (0x00000248cab87b00):  JavaThread "C2 CompilerThread0" daemon [_thread_in_native, id=9764, stack(0x000000cd6a300000,0x000000cd6a400000) (1024K)]


Current CompileTask:
C2:8391 6117       4       org.springframework.core.annotation.TypeMappedAnnotations::get (52 bytes)

Stack: [0x000000cd6a300000,0x000000cd6a400000]
Native frames: (J=compiled Java code, j=interpreted, Vv=VM code, C=native code)
V  [jvm.dll+0x730739]  (no source info available)
V  [jvm.dll+0x8d9b23]  (no source info available)
V  [jvm.dll+0x8dc00d]  (no source info available)
V  [jvm.dll+0x8dc683]  (no source info available)
V  [jvm.dll+0x2aa086]  (no source info available)
V  [jvm.dll+0xcedef]  (no source info available)
V  [jvm.dll+0xcf04f]  (no source info available)
V  [jvm.dll+0x3f373c]  (no source info available)
V  [jvm.dll+0x205e4f]  (no source info available)
V  [jvm.dll+0x26f7f0]  (no source info available)
V  [jvm.dll+0x26ea3f]  (no source info available)
V  [jvm.dll+0x1e9d60]  (no source info available)
V  [jvm.dll+0x27e1fb]  (no source info available)
V  [jvm.dll+0x27c49a]  (no source info available)
V  [jvm.dll+0x42f456]  (no source info available)
V  [jvm.dll+0x87d76b]  (no source info available)
V  [jvm.dll+0x72ee55]  (no source info available)
C  [ucrtbase.dll+0x29333]  (no source info available)
C  [KERNEL32.DLL+0x1259d]  (no source info available)
C  [ntdll.dll+0x5af78]  (no source info available)

Lock stack of current Java thread (top to bottom):


---------------  P R O C E S S  ---------------

Threads class SMR info:
_java_thread_list=0x0000024911a3c3b0, length=17, elements={
0x00000248ae65b2a0, 0x00000248cab80780, 0x00000248cab81790, 0x00000248cab83740,
0x00000248cab84360, 0x00000248cab85f90, 0x00000248cab86bb0, 0x00000248cab87b00,
0x00000248cabba400, 0x00000248cadfc8b0, 0x00000248cae4fc10, 0x00000248cae50350,
0x0000024911765ce0, 0x0000024911dab670, 0x0000024911dabdc0, 0x0000024911da9930,
0x0000024913d18850
}

Java Threads: ( => current thread )
  0x00000248ae65b2a0 JavaThread "main"                              [_thread_in_native, id=4476, stack(0x000000cd69500000,0x000000cd69600000) (1024K)]
  0x00000248cab80780 JavaThread "Reference Handler"          daemon [_thread_blocked, id=3432, stack(0x000000cd69d00000,0x000000cd69e00000) (1024K)]
  0x00000248cab81790 JavaThread "Finalizer"                  daemon [_thread_blocked, id=2028, stack(0x000000cd69e00000,0x000000cd69f00000) (1024K)]
  0x00000248cab83740 JavaThread "Signal Dispatcher"          daemon [_thread_blocked, id=13256, stack(0x000000cd69f00000,0x000000cd6a000000) (1024K)]
  0x00000248cab84360 JavaThread "Attach Listener"            daemon [_thread_blocked, id=2656, stack(0x000000cd6a000000,0x000000cd6a100000) (1024K)]
  0x00000248cab85f90 JavaThread "Service Thread"             daemon [_thread_blocked, id=18208, stack(0x000000cd6a100000,0x000000cd6a200000) (1024K)]
  0x00000248cab86bb0 JavaThread "Monitor Deflation Thread"   daemon [_thread_blocked, id=1912, stack(0x000000cd6a200000,0x000000cd6a300000) (1024K)]
=>0x00000248cab87b00 JavaThread "C2 CompilerThread0"         daemon [_thread_in_native, id=9764, stack(0x000000cd6a300000,0x000000cd6a400000) (1024K)]
  0x00000248cabba400 JavaThread "C1 CompilerThread0"         daemon [_thread_blocked, id=13884, stack(0x000000cd6a400000,0x000000cd6a500000) (1024K)]
  0x00000248cadfc8b0 JavaThread "Common-Cleaner"             daemon [_thread_blocked, id=19652, stack(0x000000cd6a500000,0x000000cd6a600000) (1024K)]
  0x00000248cae4fc10 JavaThread "Monitor Ctrl-Break"         daemon [_thread_in_native, id=19288, stack(0x000000cd6a600000,0x000000cd6a700000) (1024K)]
  0x00000248cae50350 JavaThread "Notification Thread"        daemon [_thread_blocked, id=16732, stack(0x000000cd6a700000,0x000000cd6a800000) (1024K)]
  0x0000024911765ce0 JavaThread "mysql-cj-abandoned-connection-cleanup" daemon [_thread_blocked, id=17200, stack(0x000000cd6aa00000,0x000000cd6ab00000) (1024K)]
  0x0000024911dab670 JavaThread "HikariPool-1:housekeeper"   daemon [_thread_blocked, id=10784, stack(0x000000cd6ad00000,0x000000cd6ae00000) (1024K)]
  0x0000024911dabdc0 JavaThread "HikariPool-1:connection-adder" daemon [_thread_blocked, id=16712, stack(0x000000cd6ae00000,0x000000cd6af00000) (1024K)]
  0x0000024911da9930 JavaThread "Catalina-utility-1"                [_thread_blocked, id=19648, stack(0x000000cd6af00000,0x000000cd6b000000) (1024K)]
  0x0000024913d18850 JavaThread "Catalina-utility-2"                [_thread_blocked, id=12556, stack(0x000000cd6b000000,0x000000cd6b100000) (1024K)]
Total: 17

Other Threads:
  0x00000248cab6e7d0 VMThread "VM Thread"                           [id=21244, stack(0x000000cd69c00000,0x000000cd69d00000) (1024K)]
  0x00000248cab61940 WatcherThread "VM Periodic Task Thread"        [id=17604, stack(0x000000cd69b00000,0x000000cd69c00000) (1024K)]
  0x00000248ae6b1610 WorkerThread "GC Thread#0"                     [id=13648, stack(0x000000cd69600000,0x000000cd69700000) (1024K)]
  0x000002491095c690 WorkerThread "GC Thread#1"                     [id=14128, stack(0x000000cd6a800000,0x000000cd6a900000) (1024K)]
  0x000002491095ca40 WorkerThread "GC Thread#2"                     [id=5324, stack(0x000000cd6a900000,0x000000cd6aa00000) (1024K)]
  0x00000249111092b0 WorkerThread "GC Thread#3"                     [id=3888, stack(0x000000cd6ab00000,0x000000cd6ac00000) (1024K)]
  0x00000248ae6c5c10 ConcurrentGCThread "G1 Main Marker"            [id=18696, stack(0x000000cd69700000,0x000000cd69800000) (1024K)]
  0x00000248ae6c6720 WorkerThread "G1 Conc#0"                       [id=10260, stack(0x000000cd69800000,0x000000cd69900000) (1024K)]
  0x00000248ae70e9c0 ConcurrentGCThread "G1 Refine#0"               [id=16572, stack(0x000000cd69900000,0x000000cd69a00000) (1024K)]
  0x00000248caa30b90 ConcurrentGCThread "G1 Service"                [id=11996, stack(0x000000cd69a00000,0x000000cd69b00000) (1024K)]
Total: 10

Threads with active compile tasks:
C2 CompilerThread0  8445 6117       4       org.springframework.core.annotation.TypeMappedAnnotations::get (52 bytes)
Total: 1

VM state: not at safepoint (normal execution)

VM Mutex/Monitor currently owned by a thread: None

Heap address: 0x0000000084200000, size: 1982 MB, Compressed Oops mode: 32-bit

CDS archive(s) mapped at: [0x00000248cb000000-0x00000248cbd40000-0x00000248cbd40000), size 13893632, SharedBaseAddress: 0x00000248cb000000, ArchiveRelocationMode: 1.
Compressed class space mapped at: 0x00000248cc000000-0x000002490c000000, reserved size: 1073741824
UseCompressedClassPointers 1, UseCompactObjectHeaders 0
Narrow klass pointer bits 32, Max shift 3
Narrow klass base: 0x00000248cb000000, Narrow klass shift: 0
Encoding Range: [0x00000248cb000000 - 0x00000249cb000000), (4294967296 bytes)
Klass Range:    [0x00000248cb000000 - 0x000002490c000000), (1090519040 bytes)
Klass ID Range:  [8 - 1090519033) (1090519025)

GC Precious Log:
 CardTable entry size: 512
 Card Set container configuration: InlinePtr #cards 5 size 8 Array Of Cards #cards 10 size 36 Howl #buckets 4 coarsen threshold 1843 Howl Bitmap #cards 512 size 80 coarsen threshold 460 Card regions per heap region 1 cards per card region 2048
 CPUs: 4 total, 4 available
 Memory: 7926M
 Large Page Support: Disabled
 NUMA Support: Disabled
 Compressed Oops: Enabled (32-bit)
 Heap Region Size: 1M
 Heap Min Capacity: 8M
 Heap Initial Capacity: 124M
 Heap Max Capacity: 1982M
 Pre-touch: Disabled
 Parallel Workers: 4
 Concurrent Workers: 1
 Concurrent Refinement Workers: 4
 Periodic GC: Disabled

Heap:
 garbage-first heap   total reserved 2029568K, committed 70656K, used 57858K [0x0000000084200000, 0x0000000100000000)
  region size 1024K, 34 young (34816K), 4 survivors (4096K)
 Metaspace       used 65936K, committed 66432K, reserved 1114112K
  class space    used 6970K, committed 7168K, reserved 1048576K

Heap Regions: E=young(eden), S=young(survivor), O=old, HS=humongous(starts), HC=humongous(continues), CS=collection set, F=free, TAMS=top-at-mark-start, PB=parsable bottom
|   0|0x0000000084200000, 0x0000000084300000, 0x0000000084300000|100%|HS|  |TAMS 0x0000000084200000| PB 0x0000000084200000| Complete |  0
|   1|0x0000000084300000, 0x0000000084400000, 0x0000000084400000|100%|HS|  |TAMS 0x0000000084300000| PB 0x0000000084300000| Complete |  0
|   2|0x0000000084400000, 0x0000000084500000, 0x0000000084500000|100%| O|  |TAMS 0x0000000084400000| PB 0x0000000084400000| Untracked |  0
|   3|0x0000000084500000, 0x0000000084600000, 0x0000000084600000|100%| O|  |TAMS 0x0000000084500000| PB 0x0000000084500000| Untracked |  0
|   4|0x0000000084600000, 0x0000000084700000, 0x0000000084700000|100%| O|  |TAMS 0x0000000084600000| PB 0x0000000084600000| Untracked |  0
|   5|0x0000000084700000, 0x0000000084800000, 0x0000000084800000|100%| O|  |TAMS 0x0000000084700000| PB 0x0000000084700000| Untracked |  0
|   6|0x0000000084800000, 0x0000000084900000, 0x0000000084900000|100%| O|  |TAMS 0x0000000084800000| PB 0x0000000084800000| Untracked |  0
|   7|0x0000000084900000, 0x0000000084a00000, 0x0000000084a00000|100%| O|  |TAMS 0x0000000084900000| PB 0x0000000084900000| Untracked |  0
|   8|0x0000000084a00000, 0x0000000084b00000, 0x0000000084b00000|100%| O|  |TAMS 0x0000000084a00000| PB 0x0000000084a00000| Untracked |  0
|   9|0x0000000084b00000, 0x0000000084c00000, 0x0000000084c00000|100%| O|  |TAMS 0x0000000084b00000| PB 0x0000000084b00000| Untracked |  0
|  10|0x0000000084c00000, 0x0000000084d00000, 0x0000000084d00000|100%| O|  |TAMS 0x0000000084c00000| PB 0x0000000084c00000| Untracked |  0
|  11|0x0000000084d00000, 0x0000000084e00000, 0x0000000084e00000|100%| O|  |TAMS 0x0000000084d00000| PB 0x0000000084d00000| Untracked |  0
|  12|0x0000000084e00000, 0x0000000084f00000, 0x0000000084f00000|100%| O|Cm|TAMS 0x0000000084e00000| PB 0x0000000084e00000| Complete |  0
|  13|0x0000000084f00000, 0x0000000085000000, 0x0000000085000000|100%| O|  |TAMS 0x0000000084f00000| PB 0x0000000084f00000| Untracked |  0
|  14|0x0000000085000000, 0x0000000085100000, 0x0000000085100000|100%| O|  |TAMS 0x0000000085000000| PB 0x0000000085000000| Untracked |  0
|  15|0x0000000085100000, 0x0000000085200000, 0x0000000085200000|100%| O|  |TAMS 0x0000000085100000| PB 0x0000000085100000| Untracked |  0
|  16|0x0000000085200000, 0x0000000085300000, 0x0000000085300000|100%| O|  |TAMS 0x0000000085200000| PB 0x0000000085200000| Untracked |  0
|  17|0x0000000085300000, 0x0000000085400000, 0x0000000085400000|100%| O|  |TAMS 0x0000000085300000| PB 0x0000000085300000| Untracked |  0
|  18|0x0000000085400000, 0x0000000085500000, 0x0000000085500000|100%| O|  |TAMS 0x0000000085400000| PB 0x0000000085400000| Untracked |  0
|  19|0x0000000085500000, 0x0000000085600000, 0x0000000085600000|100%| O|  |TAMS 0x0000000085500000| PB 0x0000000085500000| Untracked |  0
|  20|0x0000000085600000, 0x0000000085700000, 0x0000000085700000|100%| O|  |TAMS 0x0000000085600000| PB 0x0000000085600000| Untracked |  0
|  21|0x0000000085700000, 0x0000000085800000, 0x0000000085800000|100%| O|  |TAMS 0x0000000085700000| PB 0x0000000085700000| Untracked |  0
|  22|0x0000000085800000, 0x00000000858d7e00, 0x0000000085900000| 84%| O|  |TAMS 0x0000000085800000| PB 0x0000000085800000| Untracked |  0
|  23|0x0000000085900000, 0x0000000085900000, 0x0000000085a00000|  0%| F|  |TAMS 0x0000000085900000| PB 0x0000000085900000| Untracked |  0
|  24|0x0000000085a00000, 0x0000000085a00000, 0x0000000085b00000|  0%| F|  |TAMS 0x0000000085a00000| PB 0x0000000085a00000| Untracked |  0
|  25|0x0000000085b00000, 0x0000000085b00000, 0x0000000085c00000|  0%| F|  |TAMS 0x0000000085b00000| PB 0x0000000085b00000| Untracked |  0
|  26|0x0000000085c00000, 0x0000000085c00000, 0x0000000085d00000|  0%| F|  |TAMS 0x0000000085c00000| PB 0x0000000085c00000| Untracked |  0
|  27|0x0000000085d00000, 0x0000000085d00000, 0x0000000085e00000|  0%| F|  |TAMS 0x0000000085d00000| PB 0x0000000085d00000| Untracked |  0
|  28|0x0000000085e00000, 0x0000000085ea8d80, 0x0000000085f00000| 65%| S|CS|TAMS 0x0000000085e00000| PB 0x0000000085e00000| Complete |  0
|  29|0x0000000085f00000, 0x0000000085f00000, 0x0000000086000000|  0%| F|  |TAMS 0x0000000085f00000| PB 0x0000000085f00000| Untracked |  0
|  30|0x0000000086000000, 0x0000000086000000, 0x0000000086100000|  0%| F|  |TAMS 0x0000000086000000| PB 0x0000000086000000| Untracked |  0
|  31|0x0000000086100000, 0x0000000086100000, 0x0000000086200000|  0%| F|  |TAMS 0x0000000086100000| PB 0x0000000086100000| Untracked |  0
|  32|0x0000000086200000, 0x0000000086200000, 0x0000000086300000|  0%| F|  |TAMS 0x0000000086200000| PB 0x0000000086200000| Untracked |  0
|  33|0x0000000086300000, 0x0000000086400000, 0x0000000086400000|100%| S|CS|TAMS 0x0000000086300000| PB 0x0000000086300000| Complete |  0
|  34|0x0000000086400000, 0x0000000086500000, 0x0000000086500000|100%| S|CS|TAMS 0x0000000086400000| PB 0x0000000086400000| Complete |  0
|  35|0x0000000086500000, 0x0000000086600000, 0x0000000086600000|100%| S|CS|TAMS 0x0000000086500000| PB 0x0000000086500000| Complete |  0
|  36|0x0000000086600000, 0x0000000086600000, 0x0000000086700000|  0%| F|  |TAMS 0x0000000086600000| PB 0x0000000086600000| Untracked |  0
|  37|0x0000000086700000, 0x0000000086700000, 0x0000000086800000|  0%| F|  |TAMS 0x0000000086700000| PB 0x0000000086700000| Untracked |  0
|  38|0x0000000086800000, 0x0000000086900000, 0x0000000086900000|100%| E|  |TAMS 0x0000000086800000| PB 0x0000000086800000| Complete |  0
|  39|0x0000000086900000, 0x0000000086a00000, 0x0000000086a00000|100%| E|CS|TAMS 0x0000000086900000| PB 0x0000000086900000| Complete |  0
|  40|0x0000000086a00000, 0x0000000086b00000, 0x0000000086b00000|100%| E|CS|TAMS 0x0000000086a00000| PB 0x0000000086a00000| Complete |  0
|  41|0x0000000086b00000, 0x0000000086c00000, 0x0000000086c00000|100%| E|CS|TAMS 0x0000000086b00000| PB 0x0000000086b00000| Complete |  0
|  42|0x0000000086c00000, 0x0000000086d00000, 0x0000000086d00000|100%| E|CS|TAMS 0x0000000086c00000| PB 0x0000000086c00000| Complete |  0
|  43|0x0000000086d00000, 0x0000000086e00000, 0x0000000086e00000|100%| E|CS|TAMS 0x0000000086d00000| PB 0x0000000086d00000| Complete |  0
|  44|0x0000000086e00000, 0x0000000086f00000, 0x0000000086f00000|100%| E|CS|TAMS 0x0000000086e00000| PB 0x0000000086e00000| Complete |  0
|  45|0x0000000086f00000, 0x0000000087000000, 0x0000000087000000|100%| E|CS|TAMS 0x0000000086f00000| PB 0x0000000086f00000| Complete |  0
|  46|0x0000000087000000, 0x0000000087100000, 0x0000000087100000|100%| E|CS|TAMS 0x0000000087000000| PB 0x0000000087000000| Complete |  0
|  47|0x0000000087100000, 0x0000000087200000, 0x0000000087200000|100%| E|CS|TAMS 0x0000000087100000| PB 0x0000000087100000| Complete |  0
|  48|0x0000000087200000, 0x0000000087300000, 0x0000000087300000|100%| E|CS|TAMS 0x0000000087200000| PB 0x0000000087200000| Complete |  0
|  49|0x0000000087300000, 0x0000000087400000, 0x0000000087400000|100%| E|CS|TAMS 0x0000000087300000| PB 0x0000000087300000| Complete |  0
|  50|0x0000000087400000, 0x0000000087500000, 0x0000000087500000|100%| E|CS|TAMS 0x0000000087400000| PB 0x0000000087400000| Complete |  0
|  51|0x0000000087500000, 0x0000000087600000, 0x0000000087600000|100%| E|CS|TAMS 0x0000000087500000| PB 0x0000000087500000| Complete |  0
|  52|0x0000000087600000, 0x0000000087700000, 0x0000000087700000|100%| E|CS|TAMS 0x0000000087600000| PB 0x0000000087600000| Complete |  0
|  53|0x0000000087700000, 0x0000000087800000, 0x0000000087800000|100%| E|CS|TAMS 0x0000000087700000| PB 0x0000000087700000| Complete |  0
|  54|0x0000000087800000, 0x0000000087900000, 0x0000000087900000|100%| E|CS|TAMS 0x0000000087800000| PB 0x0000000087800000| Complete |  0
|  55|0x0000000087900000, 0x0000000087a00000, 0x0000000087a00000|100%| E|CS|TAMS 0x0000000087900000| PB 0x0000000087900000| Complete |  0
|  56|0x0000000087a00000, 0x0000000087b00000, 0x0000000087b00000|100%| E|CS|TAMS 0x0000000087a00000| PB 0x0000000087a00000| Complete |  0
|  57|0x0000000087b00000, 0x0000000087c00000, 0x0000000087c00000|100%| E|CS|TAMS 0x0000000087b00000| PB 0x0000000087b00000| Complete |  0
|  58|0x0000000087c00000, 0x0000000087d00000, 0x0000000087d00000|100%| E|CS|TAMS 0x0000000087c00000| PB 0x0000000087c00000| Complete |  0
|  59|0x0000000087d00000, 0x0000000087e00000, 0x0000000087e00000|100%| E|CS|TAMS 0x0000000087d00000| PB 0x0000000087d00000| Complete |  0
|  60|0x0000000087e00000, 0x0000000087f00000, 0x0000000087f00000|100%| E|CS|TAMS 0x0000000087e00000| PB 0x0000000087e00000| Complete |  0
|  61|0x0000000087f00000, 0x0000000088000000, 0x0000000088000000|100%| E|CS|TAMS 0x0000000087f00000| PB 0x0000000087f00000| Complete |  0
|  62|0x0000000088000000, 0x0000000088100000, 0x0000000088100000|100%| E|CS|TAMS 0x0000000088000000| PB 0x0000000088000000| Complete |  0
|  63|0x0000000088100000, 0x0000000088200000, 0x0000000088200000|100%| E|CS|TAMS 0x0000000088100000| PB 0x0000000088100000| Complete |  0
|  64|0x0000000088200000, 0x0000000088300000, 0x0000000088300000|100%| E|CS|TAMS 0x0000000088200000| PB 0x0000000088200000| Complete |  0
| 122|0x000000008bc00000, 0x000000008bd00000, 0x000000008bd00000|100%| E|CS|TAMS 0x000000008bc00000| PB 0x000000008bc00000| Complete |  0
| 123|0x000000008bd00000, 0x000000008be00000, 0x000000008be00000|100%| E|CS|TAMS 0x000000008bd00000| PB 0x000000008bd00000| Complete |  0
|1980|0x00000000ffe00000, 0x00000000fff00000, 0x00000000fff00000|100%| O|  |TAMS 0x00000000ffe00000| PB 0x00000000ffe00000| Untracked |  0
|1981|0x00000000fff00000, 0x0000000100000000, 0x0000000100000000|100%| E|CS|TAMS 0x00000000fff00000| PB 0x00000000fff00000| Complete |  0

Card table byte_map: [0x00000248c62d0000,0x00000248c66b0000] _byte_map_base: 0x00000248c5eaf000

Marking Bits: (CMBitMap*) 0x00000248ae6b1d20
 Bits: [0x00000248c66b0000, 0x00000248c85a8000)

Polling page: 0x00000248ac620000

Metaspace:

Usage:
  Non-class:     57.59 MB used.
      Class:      6.81 MB used.
       Both:     64.40 MB used.

Virtual space:
  Non-class space:       64.00 MB reserved,      57.88 MB ( 90%) committed,  1 nodes.
      Class space:        1.00 GB reserved,       7.00 MB ( <1%) committed,  1 nodes.
             Both:        1.06 GB reserved,      64.88 MB (  6%) committed. 

Chunk freelists:
   Non-Class:  5.56 MB
       Class:  9.01 MB
        Both:  14.58 MB

MaxMetaspaceSize: unlimited
CompressedClassSpaceSize: 1.00 GB
Initial GC threshold: 21.00 MB
Current GC threshold: 99.38 MB
CDS: on
 - commit_granule_bytes: 65536.
 - commit_granule_words: 8192.
 - virtual_space_node_default_size: 8388608.
 - enlarge_chunks_in_place: 1.
UseCompressedClassPointers 1, UseCompactObjectHeaders 0
Narrow klass pointer bits 32, Max shift 3
Narrow klass base: 0x00000248cb000000, Narrow klass shift: 0
Encoding Range: [0x00000248cb000000 - 0x00000249cb000000), (4294967296 bytes)
Klass Range:    [0x00000248cb000000 - 0x000002490c000000), (1090519040 bytes)
Klass ID Range:  [8 - 1090519033) (1090519025)


Internal statistics:

num_allocs_failed_limit: 12.
num_arena_births: 616.
num_arena_deaths: 0.
num_vsnodes_births: 2.
num_vsnodes_deaths: 0.
num_space_committed: 1038.
num_space_uncommitted: 0.
num_chunks_returned_to_freelist: 12.
num_chunks_taken_from_freelist: 2755.
num_chunk_merges: 12.
num_chunk_splits: 2069.
num_chunks_enlarged: 1722.
num_inconsistent_stats: 0.

CodeHeap 'non-profiled nmethods': size=120064Kb used=2247Kb max_used=2303Kb free=117816Kb
 bounds [0x00000248be9b0000, 0x00000248bec20000, 0x00000248c5ef0000]
CodeHeap 'profiled nmethods': size=120000Kb used=8921Kb max_used=9355Kb free=111078Kb
 bounds [0x00000248b6ef0000, 0x00000248b7820000, 0x00000248be420000]
CodeHeap 'non-nmethods': size=5696Kb used=1750Kb max_used=1845Kb free=3945Kb
 bounds [0x00000248be420000, 0x00000248be690000, 0x00000248be9b0000]
CodeCache: size=245760Kb, used=12918Kb, max_used=13503Kb, free=232839Kb
 total_blobs=6373, nmethods=5642, adapters=636, full_count=0
Compilation: enabled, stopped_count=0, restarted_count=0

Compilation events (20 events):
Event: 8.343 Thread 0x00000248cabba400 nmethod 6228 0x00000248b7632f88 code [0x00000248b76330a0, 0x00000248b7633230]
Event: 8.343 Thread 0x00000248cabba400 6229       2       java.util.regex.Pattern::expr (142 bytes)
Event: 8.343 Thread 0x00000248cabba400 nmethod 6229 0x00000248b702c888 code [0x00000248b702ca20, 0x00000248b702d0d0]
Event: 8.346 Thread 0x00000248cabba400 6230       2       java.util.regex.Pattern::range (294 bytes)
Event: 8.346 Thread 0x00000248cabba400 nmethod 6230 0x00000248b6fed208 code [0x00000248b6fed4a0, 0x00000248b6fede20]
Event: 8.347 Thread 0x00000248cabba400 6231       2       java.util.regex.Pattern::compile (537 bytes)
Event: 8.347 Thread 0x00000248cabba400 nmethod 6231 0x00000248b6fb6b88 code [0x00000248b6fb6e60, 0x00000248b6fb8440]
Event: 8.374 Thread 0x00000248cabba400 6232       2       java.util.regex.Pattern::newCharProperty (39 bytes)
Event: 8.375 Thread 0x00000248cabba400 nmethod 6232 0x00000248b7007688 code [0x00000248b70077c0, 0x00000248b7007c38]
Event: 8.375 Thread 0x00000248cabba400 6233       2       java.util.regex.Pattern::escape (1306 bytes)
Event: 8.378 Thread 0x00000248cabba400 nmethod 6233 0x00000248b6ffd988 code [0x00000248b6ffe0a0, 0x00000248b70010f8]
Event: 8.378 Thread 0x00000248cabba400 6234       2       java.util.regex.Pattern$BitClass::add (97 bytes)
Event: 8.379 Thread 0x00000248cabba400 nmethod 6234 0x00000248b707cd88 code [0x00000248b707cee0, 0x00000248b707d238]
Event: 8.386 Thread 0x00000248cabba400 6236       2       java.lang.invoke.LambdaForm$NamedFunction::<init> (15 bytes)
Event: 8.386 Thread 0x00000248cabba400 nmethod 6236 0x00000248b7017588 code [0x00000248b70176a0, 0x00000248b7017840]
Event: 8.389 Thread 0x00000248cabba400 6237       2       org.springframework.data.util.Lazy::getNullable (35 bytes)
Event: 8.389 Thread 0x00000248cabba400 nmethod 6237 0x00000248b7056e08 code [0x00000248b7056f20, 0x00000248b70570f0]
Event: 8.390 Thread 0x00000248cabba400 6238       2       org.springframework.util.ReflectionUtils::isHashCodeMethod (30 bytes)
Event: 8.390 Thread 0x00000248cabba400 nmethod 6238 0x00000248b7090788 code [0x00000248b70908a0, 0x00000248b70909f8]
Event: 8.390 Thread 0x00000248cabba400 6239       3       jdk.internal.classfile.impl.MethodInfo::receiverSlot (24 bytes)

GC Heap History (20 events):
Event: 1.380 GC heap before
{Heap before GC invocations=0 (full 0):
 garbage-first heap   total reserved 2029568K, committed 129024K, used 31856K [0x0000000084200000, 0x0000000100000000)
  region size 1024K, 28 young (28672K), 0 survivors (0K)
 Metaspace       used 7162K, committed 7424K, reserved 1114112K
  class space    used 713K, committed 832K, reserved 1048576K
}
Event: 1.387 GC heap after
{Heap after GC invocations=1 (full 0):
 garbage-first heap   total reserved 2029568K, committed 129024K, used 9499K [0x0000000084200000, 0x0000000100000000)
  region size 1024K, 4 young (4096K), 4 survivors (4096K)
 Metaspace       used 7162K, committed 7424K, reserved 1114112K
  class space    used 713K, committed 832K, reserved 1048576K
}
Event: 2.628 GC heap before
{Heap before GC invocations=1 (full 0):
 garbage-first heap   total reserved 2029568K, committed 129024K, used 58651K [0x0000000084200000, 0x0000000100000000)
  region size 1024K, 53 young (54272K), 4 survivors (4096K)
 Metaspace       used 20957K, committed 21248K, reserved 1114112K
  class space    used 2148K, committed 2304K, reserved 1048576K
}
Event: 2.641 GC heap after
{Heap after GC invocations=2 (full 0):
 garbage-first heap   total reserved 2029568K, committed 129024K, used 14692K [0x0000000084200000, 0x0000000100000000)
  region size 1024K, 5 young (5120K), 5 survivors (5120K)
 Metaspace       used 20957K, committed 21248K, reserved 1114112K
  class space    used 2148K, committed 2304K, reserved 1048576K
}
Event: 2.669 GC heap before
{Heap before GC invocations=2 (full 0):
 garbage-first heap   total reserved 2029568K, committed 129024K, used 14692K [0x0000000084200000, 0x0000000100000000)
  region size 1024K, 6 young (6144K), 5 survivors (5120K)
 Metaspace       used 21187K, committed 21504K, reserved 1114112K
  class space    used 2151K, committed 2304K, reserved 1048576K
}
Event: 2.674 GC heap after
{Heap after GC invocations=3 (full 0):
 garbage-first heap   total reserved 2029568K, committed 129024K, used 15476K [0x0000000084200000, 0x0000000100000000)
  region size 1024K, 1 young (1024K), 1 survivors (1024K)
 Metaspace       used 21187K, committed 21504K, reserved 1114112K
  class space    used 2151K, committed 2304K, reserved 1048576K
}
Event: 3.652 GC heap before
{Heap before GC invocations=4 (full 0):
 garbage-first heap   total reserved 2029568K, committed 58368K, used 49268K [0x0000000084200000, 0x0000000100000000)
  region size 1024K, 34 young (34816K), 1 survivors (1024K)
 Metaspace       used 25558K, committed 25920K, reserved 1114112K
  class space    used 2576K, committed 2752K, reserved 1048576K
}
Event: 3.658 GC heap after
{Heap after GC invocations=5 (full 0):
 garbage-first heap   total reserved 2029568K, committed 58368K, used 18029K [0x0000000084200000, 0x0000000100000000)
  region size 1024K, 4 young (4096K), 4 survivors (4096K)
 Metaspace       used 25558K, committed 25920K, reserved 1114112K
  class space    used 2576K, committed 2752K, reserved 1048576K
}
Event: 4.377 GC heap before
{Heap before GC invocations=5 (full 0):
 garbage-first heap   total reserved 2029568K, committed 58368K, used 41581K [0x0000000084200000, 0x0000000100000000)
  region size 1024K, 27 young (27648K), 4 survivors (4096K)
 Metaspace       used 29532K, committed 29888K, reserved 1114112K
  class space    used 3059K, committed 3200K, reserved 1048576K
}
Event: 4.389 GC heap after
{Heap after GC invocations=6 (full 0):
 garbage-first heap   total reserved 2029568K, committed 58368K, used 20357K [0x0000000084200000, 0x0000000100000000)
  region size 1024K, 3 young (3072K), 3 survivors (3072K)
 Metaspace       used 29532K, committed 29888K, reserved 1114112K
  class space    used 3059K, committed 3200K, reserved 1048576K
}
Event: 5.158 GC heap before
{Heap before GC invocations=6 (full 0):
 garbage-first heap   total reserved 2029568K, committed 58368K, used 43909K [0x0000000084200000, 0x0000000100000000)
  region size 1024K, 26 young (26624K), 3 survivors (3072K)
 Metaspace       used 33914K, committed 34432K, reserved 1114112K
  class space    used 3554K, committed 3776K, reserved 1048576K
}
Event: 5.169 GC heap after
{Heap after GC invocations=7 (full 0):
 garbage-first heap   total reserved 2029568K, committed 58368K, used 22184K [0x0000000084200000, 0x0000000100000000)
  region size 1024K, 2 young (2048K), 2 survivors (2048K)
 Metaspace       used 33914K, committed 34432K, reserved 1114112K
  class space    used 3554K, committed 3776K, reserved 1048576K
}
Event: 5.362 GC heap before
{Heap before GC invocations=7 (full 0):
 garbage-first heap   total reserved 2029568K, committed 58368K, used 28328K [0x0000000084200000, 0x0000000100000000)
  region size 1024K, 9 young (9216K), 2 survivors (2048K)
 Metaspace       used 35750K, committed 36160K, reserved 1114112K
  class space    used 3722K, committed 3904K, reserved 1048576K
}
Event: 5.368 GC heap after
{Heap after GC invocations=8 (full 0):
 garbage-first heap   total reserved 2029568K, committed 58368K, used 22601K [0x0000000084200000, 0x0000000100000000)
  region size 1024K, 3 young (3072K), 3 survivors (3072K)
 Metaspace       used 35750K, committed 36160K, reserved 1114112K
  class space    used 3722K, committed 3904K, reserved 1048576K
}
Event: 6.041 GC heap before
{Heap before GC invocations=9 (full 0):
 garbage-first heap   total reserved 2029568K, committed 58368K, used 46153K [0x0000000084200000, 0x0000000100000000)
  region size 1024K, 27 young (27648K), 3 survivors (3072K)
 Metaspace       used 42241K, committed 42688K, reserved 1114112K
  class space    used 4424K, committed 4608K, reserved 1048576K
}
Event: 6.051 GC heap after
{Heap after GC invocations=10 (full 0):
 garbage-first heap   total reserved 2029568K, committed 58368K, used 24476K [0x0000000084200000, 0x0000000100000000)
  region size 1024K, 3 young (3072K), 3 survivors (3072K)
 Metaspace       used 42241K, committed 42688K, reserved 1114112K
  class space    used 4424K, committed 4608K, reserved 1048576K
}
Event: 6.961 GC heap before
{Heap before GC invocations=10 (full 0):
 garbage-first heap   total reserved 2029568K, committed 58368K, used 48028K [0x0000000084200000, 0x0000000100000000)
  region size 1024K, 26 young (26624K), 3 survivors (3072K)
 Metaspace       used 50872K, committed 51328K, reserved 1114112K
  class space    used 5280K, committed 5504K, reserved 1048576K
}
Event: 6.970 GC heap after
{Heap after GC invocations=11 (full 0):
 garbage-first heap   total reserved 2029568K, committed 70656K, used 26624K [0x0000000084200000, 0x0000000100000000)
  region size 1024K, 4 young (4096K), 4 survivors (4096K)
 Metaspace       used 50872K, committed 51328K, reserved 1114112K
  class space    used 5280K, committed 5504K, reserved 1048576K
}
Event: 7.842 GC heap before
{Heap before GC invocations=11 (full 0):
 garbage-first heap   total reserved 2029568K, committed 70656K, used 57344K [0x0000000084200000, 0x0000000100000000)
  region size 1024K, 36 young (36864K), 4 survivors (4096K)
 Metaspace       used 60053K, committed 60480K, reserved 1114112K
  class space    used 6309K, committed 6528K, reserved 1048576K
}
Event: 7.852 GC heap after
{Heap after GC invocations=12 (full 0):
 garbage-first heap   total reserved 2029568K, committed 70656K, used 28162K [0x0000000084200000, 0x0000000100000000)
  region size 1024K, 4 young (4096K), 4 survivors (4096K)
 Metaspace       used 60053K, committed 60480K, reserved 1114112K
  class space    used 6309K, committed 6528K, reserved 1048576K
}

Dll operation events (13 events):
Event: 0.012 Loaded shared library C:\Users\SAI VIGNESH\.jdks\openjdk-24.0.1\bin\java.dll
Event: 0.097 Loaded shared library C:\Users\SAI VIGNESH\.jdks\openjdk-24.0.1\bin\jsvml.dll
Event: 0.253 Loaded shared library C:\Users\SAI VIGNESH\.jdks\openjdk-24.0.1\bin\zip.dll
Event: 0.257 Loaded shared library C:\Users\SAI VIGNESH\.jdks\openjdk-24.0.1\bin\instrument.dll
Event: 0.269 Loaded shared library C:\Users\SAI VIGNESH\.jdks\openjdk-24.0.1\bin\net.dll
Event: 0.271 Loaded shared library C:\Users\SAI VIGNESH\.jdks\openjdk-24.0.1\bin\nio.dll
Event: 0.279 Loaded shared library C:\Users\SAI VIGNESH\.jdks\openjdk-24.0.1\bin\zip.dll
Event: 0.469 Loaded shared library C:\Users\SAI VIGNESH\.jdks\openjdk-24.0.1\bin\extnet.dll
Event: 0.514 Loaded shared library C:\Users\SAI VIGNESH\.jdks\openjdk-24.0.1\bin\jimage.dll
Event: 2.457 Loaded shared library C:\Users\SAI VIGNESH\.jdks\openjdk-24.0.1\bin\sunmscapi.dll
Event: 4.766 Loaded shared library C:\Users\SAI VIGNESH\.jdks\openjdk-24.0.1\bin\management.dll
Event: 4.769 Loaded shared library C:\Users\SAI VIGNESH\.jdks\openjdk-24.0.1\bin\management_ext.dll
Event: 5.580 Loaded shared library C:\Users\SAI VIGNESH\.jdks\openjdk-24.0.1\bin\verify.dll

Deoptimization events (20 events):
Event: 8.119 Thread 0x00000248ae65b2a0 Uncommon trap: trap_request=0xffffff4d fr.pc=0x00000248bea12d3c relative=0x000000000000075c
Event: 8.119 Thread 0x00000248ae65b2a0 Uncommon trap: reason=unstable_if action=reinterpret pc=0x00000248bea12d3c method=jdk.internal.classfile.impl.SplitConstantPool.internalAdd(Ljava/lang/classfile/constantpool/PoolEntry;I)Ljava/lang/classfile/constantpool/PoolEntry; @ 18 c2
Event: 8.119 Thread 0x00000248ae65b2a0 DEOPT PACKING pc=0x00000248bea12d3c sp=0x000000cd695fa2c0
Event: 8.119 Thread 0x00000248ae65b2a0 DEOPT UNPACKING pc=0x00000248be4ad702 sp=0x000000cd695fa258 mode 2
Event: 8.119 Thread 0x00000248ae65b2a0 Uncommon trap: trap_request=0xffffff4d fr.pc=0x00000248bea0f174 relative=0x00000000000001d4
Event: 8.119 Thread 0x00000248ae65b2a0 Uncommon trap: reason=unstable_if action=reinterpret pc=0x00000248bea0f174 method=jdk.internal.classfile.impl.EntryMap.put(II)V @ 120 c2
Event: 8.119 Thread 0x00000248ae65b2a0 DEOPT PACKING pc=0x00000248bea0f174 sp=0x000000cd695fa240
Event: 8.119 Thread 0x00000248ae65b2a0 DEOPT UNPACKING pc=0x00000248be4ad702 sp=0x000000cd695fa1d8 mode 2
Event: 8.157 Thread 0x00000248ae65b2a0 Uncommon trap: trap_request=0xfffffff4 fr.pc=0x00000248bebefa7c relative=0x00000000000003bc
Event: 8.157 Thread 0x00000248ae65b2a0 Uncommon trap: reason=null_check action=make_not_entrant pc=0x00000248bebefa7c method=sun.invoke.util.VerifyType.isNullConversion(Ljava/lang/Class;Ljava/lang/Class;Z)Z @ 67 c2
Event: 8.157 Thread 0x00000248ae65b2a0 DEOPT PACKING pc=0x00000248bebefa7c sp=0x000000cd695fb750
Event: 8.157 Thread 0x00000248ae65b2a0 DEOPT UNPACKING pc=0x00000248be4ad702 sp=0x000000cd695fb6d0 mode 2
Event: 8.249 Thread 0x00000248ae65b2a0 Uncommon trap: trap_request=0xffffff4d fr.pc=0x00000248bea45540 relative=0x0000000000000ce0
Event: 8.249 Thread 0x00000248ae65b2a0 Uncommon trap: reason=unstable_if action=reinterpret pc=0x00000248bea45540 method=java.util.concurrent.ConcurrentHashMap.computeIfAbsent(Ljava/lang/Object;Ljava/util/function/Function;)Ljava/lang/Object; @ 123 c2
Event: 8.249 Thread 0x00000248ae65b2a0 DEOPT PACKING pc=0x00000248bea45540 sp=0x000000cd695fb770
Event: 8.249 Thread 0x00000248ae65b2a0 DEOPT UNPACKING pc=0x00000248be4ad702 sp=0x000000cd695fb6f0 mode 2
Event: 8.326 Thread 0x00000248ae65b2a0 Uncommon trap: trap_request=0xffffff9d fr.pc=0x00000248bebd94c8 relative=0x00000000000007a8
Event: 8.326 Thread 0x00000248ae65b2a0 Uncommon trap: reason=unreached action=reinterpret pc=0x00000248bebd94c8 method=jdk.internal.reflect.DirectMethodHandleAccessor.invoke(Ljava/lang/Object;[Ljava/lang/Object;)Ljava/lang/Object; @ 82 c2
Event: 8.326 Thread 0x00000248ae65b2a0 DEOPT PACKING pc=0x00000248bebd94c8 sp=0x000000cd695fb7e0
Event: 8.326 Thread 0x00000248ae65b2a0 DEOPT UNPACKING pc=0x00000248be4ad702 sp=0x000000cd695fb780 mode 2

Classes loaded (20 events):
Event: 8.100 Loading class javax/naming/Reference
Event: 8.100 Loading class javax/naming/Reference done
Event: 8.256 Loading class java/lang/Package$1PackageInfoProxy
Event: 8.256 Loading class java/lang/Package$1PackageInfoProxy done
Event: 8.269 Loading class java/util/stream/ReduceOps$5
Event: 8.269 Loading class java/util/stream/ReduceOps$5 done
Event: 8.269 Loading class java/util/stream/ReduceOps$CountingSink$OfRef
Event: 8.269 Loading class java/util/stream/ReduceOps$CountingSink
Event: 8.270 Loading class java/util/stream/ReduceOps$CountingSink done
Event: 8.270 Loading class java/util/stream/ReduceOps$CountingSink$OfRef done
Event: 8.325 Loading class java/lang/invoke/WrongMethodTypeException
Event: 8.326 Loading class java/lang/invoke/WrongMethodTypeException done
Event: 8.333 Loading class java/lang/Character$UnicodeBlock
Event: 8.334 Loading class java/lang/Character$Subset
Event: 8.334 Loading class java/lang/Character$Subset done
Event: 8.335 Loading class java/lang/Character$UnicodeBlock done
Event: 8.373 Loading class java/util/regex/Pattern$Bound
Event: 8.374 Loading class java/util/regex/Pattern$Bound done
Event: 8.374 Loading class java/util/regex/Pattern$Behind
Event: 8.375 Loading class java/util/regex/Pattern$Behind done

Classes unloaded (0 events):
No events

Classes redefined (0 events):
No events

Internal exceptions (20 events):
Event: 7.833 Thread 0x00000248ae65b2a0 Exception <a 'java/lang/NoSuchMethodError'{0x000000008677ad98}: 'java.lang.Object java.lang.invoke.DirectMethodHandle$Holder.newInvokeSpecial(java.lang.Object, java.lang.Object, int)'> (0x000000008677ad98) 
thrown [s\open\src\hotspot\share\interpreter\linkResolver.cpp, line 805]
Event: 7.879 Thread 0x00000248ae65b2a0 Exception <a 'java/lang/NoSuchMethodError'{0x00000000fffa7f48}: 'int java.lang.invoke.DirectMethodHandle$Holder.invokeStatic(java.lang.Object, int, java.lang.Object)'> (0x00000000fffa7f48) 
thrown [s\open\src\hotspot\share\interpreter\linkResolver.cpp, line 805]
Event: 7.883 Thread 0x00000248ae65b2a0 Exception <a 'java/lang/NoSuchMethodError'{0x00000000fffd57d8}: 'java.lang.Object java.lang.invoke.DirectMethodHandle$Holder.newInvokeSpecial(java.lang.Object, java.lang.Object, java.lang.Object, java.lang.Object, java.lang.Object, int, java.lang.Object)'> (0x00000000fffd57d8) 
thrown [s\open\src\hotspot\share\interpreter\linkResolver.cpp, line 805]
Event: 7.888 Thread 0x00000248ae65b2a0 Exception <a 'java/lang/NoSuchMethodError'{0x000000008bd23328}: 'java.lang.Object java.lang.invoke.Invokers$Holder.linkToTargetMethod(java.lang.Object, java.lang.Object, java.lang.Object, java.lang.Object, java.lang.Object, java.lang.Object, java.lang.Object, java.lang.Object, java.lang.Object, java.lang.Object, java.lang.Object, java.lang.Object)'> (0x000000008bd23328) 
thrown [s\open\src\hotspot\share\interpreter\linkResolver.cpp, line 805]
Event: 7.928 Thread 0x00000248ae65b2a0 Exception <a 'java/lang/IncompatibleClassChangeError'{0x000000008bcb46f0}: Found class java.lang.Object, but interface was expected> (0x000000008bcb46f0) 
thrown [s\open\src\hotspot\share\interpreter\linkResolver.cpp, line 872]
Event: 7.942 Thread 0x00000248ae65b2a0 Exception <a 'java/lang/NoSuchMethodError'{0x0000000088236e18}: 'java.lang.Object java.lang.invoke.DirectMethodHandle$Holder.newInvokeSpecial(java.lang.Object, java.lang.Object, java.lang.Object, java.lang.Object, java.lang.Object, java.lang.Object, java.lang.Object, int)'> (0x0000000088236e18) 
thrown [s\open\src\hotspot\share\interpreter\linkResolver.cpp, line 805]
Event: 7.942 Thread 0x00000248ae65b2a0 Exception <a 'java/lang/NoSuchMethodError'{0x0000000088240c50}: 'java.lang.Object java.lang.invoke.DirectMethodHandle$Holder.invokeSpecial(java.lang.Object, java.lang.Object, java.lang.Object, java.lang.Object, java.lang.Object, java.lang.Object, java.lang.Object, java.lang.Object, int)'> (0x0000000088240c50) 
thrown [s\open\src\hotspot\share\interpreter\linkResolver.cpp, line 805]
Event: 7.942 Thread 0x00000248ae65b2a0 Exception <a 'java/lang/NoSuchMethodError'{0x0000000088249fc0}: 'java.lang.Object java.lang.invoke.Invokers$Holder.linkToTargetMethod(java.lang.Object, java.lang.Object, java.lang.Object, java.lang.Object, java.lang.Object, java.lang.Object, int, java.lang.Object)'> (0x0000000088249fc0) 
thrown [s\open\src\hotspot\share\interpreter\linkResolver.cpp, line 805]
Event: 7.995 Thread 0x00000248ae65b2a0 Exception <a 'java/io/IOException'{0x0000000088040128}> (0x0000000088040128) 
thrown [s\open\src\hotspot\share\prims\jni.cpp, line 518]
Event: 7.996 Thread 0x00000248ae65b2a0 Exception <a 'java/io/IOException'{0x000000008804b628}> (0x000000008804b628) 
thrown [s\open\src\hotspot\share\prims\jni.cpp, line 518]
Event: 7.998 Thread 0x00000248ae65b2a0 Exception <a 'java/io/IOException'{0x000000008805c368}> (0x000000008805c368) 
thrown [s\open\src\hotspot\share\prims\jni.cpp, line 518]
Event: 7.999 Thread 0x00000248ae65b2a0 Exception <a 'java/io/IOException'{0x0000000088067598}> (0x0000000088067598) 
thrown [s\open\src\hotspot\share\prims\jni.cpp, line 518]
Event: 8.000 Thread 0x00000248ae65b2a0 Exception <a 'java/io/IOException'{0x0000000088072880}> (0x0000000088072880) 
thrown [s\open\src\hotspot\share\prims\jni.cpp, line 518]
Event: 8.140 Thread 0x00000248ae65b2a0 Exception <a 'java/lang/IncompatibleClassChangeError'{0x0000000087a01288}: Found class java.lang.Object, but interface was expected> (0x0000000087a01288) 
thrown [s\open\src\hotspot\share\interpreter\linkResolver.cpp, line 872]
Event: 8.157 Thread 0x00000248ae65b2a0 Implicit null exception at 0x00000248bebef783 to 0x00000248bebefa68
Event: 8.168 Thread 0x00000248ae65b2a0 Exception <a 'java/lang/IncompatibleClassChangeError'{0x000000008798d3b0}: Found class java.lang.Object, but interface was expected> (0x000000008798d3b0) 
thrown [s\open\src\hotspot\share\interpreter\linkResolver.cpp, line 872]
Event: 8.249 Thread 0x00000248ae65b2a0 Exception <a 'java/lang/IncompatibleClassChangeError'{0x0000000087239d48}: Found class java.lang.Object, but interface was expected> (0x0000000087239d48) 
thrown [s\open\src\hotspot\share\interpreter\linkResolver.cpp, line 872]
Event: 8.347 Thread 0x00000248ae65b2a0 Exception <a 'java/lang/IncompatibleClassChangeError'{0x0000000086de11e0}: Found class java.lang.Object, but interface was expected> (0x0000000086de11e0) 
thrown [s\open\src\hotspot\share\interpreter\linkResolver.cpp, line 872]
Event: 8.348 Thread 0x00000248ae65b2a0 Exception <a 'java/lang/IncompatibleClassChangeError'{0x0000000086df13b8}: Found class java.lang.Object, but interface was expected> (0x0000000086df13b8) 
thrown [s\open\src\hotspot\share\interpreter\linkResolver.cpp, line 872]
Event: 8.386 Thread 0x00000248ae65b2a0 Exception <a 'java/lang/NoSuchMethodError'{0x0000000086b69a08}: 'java.lang.Object java.lang.invoke.DirectMethodHandle$Holder.invokeStatic(java.lang.Object, int, java.lang.Object)'> (0x0000000086b69a08) 
thrown [s\open\src\hotspot\share\interpreter\linkResolver.cpp, line 805]

VM Operations (20 events):
Event: 6.961 Executing VM operation: G1CollectForAllocation (G1 Evacuation Pause)
Event: 6.970 Executing VM operation: G1CollectForAllocation (G1 Evacuation Pause) done
Event: 7.400 Executing VM operation: HandshakeAllThreads (Deoptimize)
Event: 7.400 Executing VM operation: HandshakeAllThreads (Deoptimize) done
Event: 7.403 Executing VM operation: HandshakeAllThreads (Deoptimize)
Event: 7.404 Executing VM operation: HandshakeAllThreads (Deoptimize) done
Event: 7.422 Executing VM operation: HandshakeAllThreads (Deoptimize)
Event: 7.422 Executing VM operation: HandshakeAllThreads (Deoptimize) done
Event: 7.842 Executing VM operation: CollectForMetadataAllocation (Metadata GC Threshold)
Event: 7.852 Executing VM operation: CollectForMetadataAllocation (Metadata GC Threshold) done
Event: 7.878 Executing VM operation: CollectForMetadataAllocation (Metadata GC Threshold)
Event: 7.878 Executing VM operation: CollectForMetadataAllocation (Metadata GC Threshold) done
Event: 7.892 Executing VM operation: G1PauseRemark
Event: 7.899 Executing VM operation: G1PauseRemark done
Event: 7.913 Executing VM operation: G1PauseCleanup
Event: 7.913 Executing VM operation: G1PauseCleanup done
Event: 8.074 Executing VM operation: HandshakeAllThreads (Deoptimize)
Event: 8.074 Executing VM operation: HandshakeAllThreads (Deoptimize) done
Event: 8.260 Executing VM operation: HandshakeAllThreads (Deoptimize)
Event: 8.260 Executing VM operation: HandshakeAllThreads (Deoptimize) done

Memory protections (0 events):
No events

Nmethod flushes (20 events):
Event: 7.898 Thread 0x00000248cab6e7d0 flushing  nmethod 0x00000248b74f0508
Event: 7.898 Thread 0x00000248cab6e7d0 flushing  nmethod 0x00000248b7501d88
Event: 7.898 Thread 0x00000248cab6e7d0 flushing  nmethod 0x00000248b7503b88
Event: 7.898 Thread 0x00000248cab6e7d0 flushing  nmethod 0x00000248b751ae08
Event: 7.898 Thread 0x00000248cab6e7d0 flushing  nmethod 0x00000248b7521508
Event: 7.898 Thread 0x00000248cab6e7d0 flushing  nmethod 0x00000248b7521808
Event: 7.898 Thread 0x00000248cab6e7d0 flushing  nmethod 0x00000248b7535708
Event: 7.898 Thread 0x00000248cab6e7d0 flushing  nmethod 0x00000248b7539708
Event: 7.898 Thread 0x00000248cab6e7d0 flushing  nmethod 0x00000248b75d2708
Event: 7.898 Thread 0x00000248cab6e7d0 flushing  nmethod 0x00000248b75d2a08
Event: 7.898 Thread 0x00000248cab6e7d0 flushing  nmethod 0x00000248b75df488
Event: 7.898 Thread 0x00000248cab6e7d0 flushing  nmethod 0x00000248b75e0a88
Event: 7.898 Thread 0x00000248cab6e7d0 flushing  nmethod 0x00000248b75f0d08
Event: 7.898 Thread 0x00000248cab6e7d0 flushing  nmethod 0x00000248b75f6408
Event: 7.898 Thread 0x00000248cab6e7d0 flushing  nmethod 0x00000248b7601c88
Event: 7.898 Thread 0x00000248cab6e7d0 flushing  nmethod 0x00000248b7607f88
Event: 7.898 Thread 0x00000248cab6e7d0 flushing  nmethod 0x00000248b7608588
Event: 7.898 Thread 0x00000248cab6e7d0 flushing  nmethod 0x00000248b7608888
Event: 7.898 Thread 0x00000248cab6e7d0 flushing  nmethod 0x00000248b760a988
Event: 7.898 Thread 0x00000248cab6e7d0 flushing  nmethod 0x00000248b7632f88

Events (19 events):
Event: 0.065 Thread 0x00000248ae65b2a0 Thread added: 0x00000248ae65b2a0
Event: 0.090 Thread 0x00000248ae65b2a0 Thread added: 0x00000248cab80780
Event: 0.090 Thread 0x00000248ae65b2a0 Thread added: 0x00000248cab81790
Event: 0.090 Thread 0x00000248ae65b2a0 Thread added: 0x00000248cab83740
Event: 0.090 Thread 0x00000248ae65b2a0 Thread added: 0x00000248cab84360
Event: 0.090 Thread 0x00000248ae65b2a0 Thread added: 0x00000248cab85f90
Event: 0.091 Thread 0x00000248ae65b2a0 Thread added: 0x00000248cab86bb0
Event: 0.091 Thread 0x00000248ae65b2a0 Thread added: 0x00000248cab87b00
Event: 0.095 Thread 0x00000248ae65b2a0 Thread added: 0x00000248cabba400
Event: 0.266 Thread 0x00000248ae65b2a0 Thread added: 0x00000248cadfc8b0
Event: 0.454 Thread 0x00000248ae65b2a0 Thread added: 0x00000248cae4fc10
Event: 0.455 Thread 0x00000248ae65b2a0 Thread added: 0x00000248cae50350
Event: 1.589 Thread 0x00000248ae65b2a0 Thread added: 0x00000249109b1520
Event: 2.468 Thread 0x00000249109b1520 Thread exited: 0x00000249109b1520
Event: 2.608 Thread 0x00000248ae65b2a0 Thread added: 0x0000024910c5da80
Event: 2.687 Thread 0x0000024910c5da80 Thread exited: 0x0000024910c5da80
Event: 5.017 Thread 0x00000248ae65b2a0 Thread added: 0x0000024911765ce0
Event: 6.459 Thread 0x00000248ae65b2a0 Thread added: 0x0000024911dab670
Event: 6.564 Thread 0x0000024911dab670 Thread added: 0x0000024911dabdc0


Dynamic libraries:
0x00007ff626060000 - 0x00007ff62606e000 	C:\Users\SAI VIGNESH\.jdks\openjdk-24.0.1\bin\java.exe
0x00007ff8ed2d0000 - 0x00007ff8ed4e7000 	C:\WINDOWS\SYSTEM32\ntdll.dll
0x00007ff8ecce0000 - 0x00007ff8ecda4000 	C:\WINDOWS\System32\KERNEL32.DLL
0x00007ff8ea9b0000 - 0x00007ff8ead82000 	C:\WINDOWS\System32\KERNELBASE.dll
0x00007ff8ead90000 - 0x00007ff8eaea1000 	C:\WINDOWS\System32\ucrtbase.dll
0x00007ff8dc450000 - 0x00007ff8dc466000 	C:\Users\SAI VIGNESH\.jdks\openjdk-24.0.1\bin\jli.dll
0x00007ff8e5d60000 - 0x00007ff8e5d7b000 	C:\Users\SAI VIGNESH\.jdks\openjdk-24.0.1\bin\VCRUNTIME140.dll
0x00007ff8ed090000 - 0x00007ff8ed241000 	C:\WINDOWS\System32\USER32.dll
0x00007ff8eaeb0000 - 0x00007ff8eaed6000 	C:\WINDOWS\System32\win32u.dll
0x00007ff8ec930000 - 0x00007ff8ec959000 	C:\WINDOWS\System32\GDI32.dll
0x00007ff8d2f30000 - 0x00007ff8d31cb000 	C:\WINDOWS\WinSxS\amd64_microsoft.windows.common-controls_6595b64144ccf1df_6.0.22621.5547_none_27104afb73855772\COMCTL32.dll
0x00007ff8ea670000 - 0x00007ff8ea793000 	C:\WINDOWS\System32\gdi32full.dll
0x00007ff8ec960000 - 0x00007ff8eca07000 	C:\WINDOWS\System32\msvcrt.dll
0x00007ff8ea910000 - 0x00007ff8ea9aa000 	C:\WINDOWS\System32\msvcp_win.dll
0x00007ff8ed250000 - 0x00007ff8ed281000 	C:\WINDOWS\System32\IMM32.DLL
0x00007ff8e5360000 - 0x00007ff8e536c000 	C:\Users\SAI VIGNESH\.jdks\openjdk-24.0.1\bin\vcruntime140_1.dll
0x00007ff8d6340000 - 0x00007ff8d63ce000 	C:\Users\SAI VIGNESH\.jdks\openjdk-24.0.1\bin\msvcp140.dll
0x00007ff88e6b0000 - 0x00007ff88f452000 	C:\Users\SAI VIGNESH\.jdks\openjdk-24.0.1\bin\server\jvm.dll
0x00007ff8ec2e0000 - 0x00007ff8ec391000 	C:\WINDOWS\System32\ADVAPI32.dll
0x00007ff8eb050000 - 0x00007ff8eb0f8000 	C:\WINDOWS\System32\sechost.dll
0x00007ff8ea480000 - 0x00007ff8ea4a8000 	C:\WINDOWS\System32\bcrypt.dll
0x00007ff8ecec0000 - 0x00007ff8ecfd4000 	C:\WINDOWS\System32\RPCRT4.dll
0x00007ff8ec8b0000 - 0x00007ff8ec921000 	C:\WINDOWS\System32\WS2_32.dll
0x00007ff8ea0e0000 - 0x00007ff8ea12d000 	C:\WINDOWS\SYSTEM32\POWRPROF.dll
0x00007ff8e13e0000 - 0x00007ff8e1414000 	C:\WINDOWS\SYSTEM32\WINMM.dll
0x00007ff8e1330000 - 0x00007ff8e133a000 	C:\WINDOWS\SYSTEM32\VERSION.dll
0x00007ff8ea0c0000 - 0x00007ff8ea0d3000 	C:\WINDOWS\SYSTEM32\UMPDC.dll
0x00007ff8e93c0000 - 0x00007ff8e93d8000 	C:\WINDOWS\SYSTEM32\kernel.appcore.dll
0x00007ff8e32c0000 - 0x00007ff8e32ca000 	C:\Users\SAI VIGNESH\.jdks\openjdk-24.0.1\bin\jimage.dll
0x00007ff8e7b40000 - 0x00007ff8e7d73000 	C:\WINDOWS\SYSTEM32\DBGHELP.DLL
0x00007ff8ec400000 - 0x00007ff8ec793000 	C:\WINDOWS\System32\combase.dll
0x00007ff8eca80000 - 0x00007ff8ecb57000 	C:\WINDOWS\System32\OLEAUT32.dll
0x00007ff8ca7f0000 - 0x00007ff8ca822000 	C:\WINDOWS\SYSTEM32\dbgcore.DLL
0x00007ff8ea5f0000 - 0x00007ff8ea66b000 	C:\WINDOWS\System32\bcryptPrimitives.dll
0x00007ff8d6fe0000 - 0x00007ff8d6fef000 	C:\Users\SAI VIGNESH\.jdks\openjdk-24.0.1\bin\instrument.dll
0x00007ff8d6fc0000 - 0x00007ff8d6fde000 	C:\Users\SAI VIGNESH\.jdks\openjdk-24.0.1\bin\java.dll
0x00007ff8eb7f0000 - 0x00007ff8eb990000 	C:\WINDOWS\System32\ole32.dll
0x00007ff8eb990000 - 0x00007ff8ec232000 	C:\WINDOWS\System32\SHELL32.dll
0x00007ff8ea4b0000 - 0x00007ff8ea5ef000 	C:\WINDOWS\System32\wintypes.dll
0x00007ff8e82a0000 - 0x00007ff8e8bbd000 	C:\WINDOWS\SYSTEM32\windows.storage.dll
0x00007ff8ec7a0000 - 0x00007ff8ec8ac000 	C:\WINDOWS\System32\SHCORE.dll
0x00007ff8eb580000 - 0x00007ff8eb5e9000 	C:\WINDOWS\System32\shlwapi.dll
0x00007ff8ea2f0000 - 0x00007ff8ea31b000 	C:\WINDOWS\SYSTEM32\profapi.dll
0x00007ff8d5d70000 - 0x00007ff8d5e47000 	C:\Users\SAI VIGNESH\.jdks\openjdk-24.0.1\bin\jsvml.dll
0x00007ff8d6e80000 - 0x00007ff8d6e97000 	C:\Users\SAI VIGNESH\.jdks\openjdk-24.0.1\bin\zip.dll
0x00007ff8d6e70000 - 0x00007ff8d6e80000 	C:\Users\SAI VIGNESH\.jdks\openjdk-24.0.1\bin\net.dll
0x00007ff8e9830000 - 0x00007ff8e9899000 	C:\WINDOWS\system32\mswsock.dll
0x00007ff8d6e50000 - 0x00007ff8d6e66000 	C:\Users\SAI VIGNESH\.jdks\openjdk-24.0.1\bin\nio.dll
0x00007ff8d6c70000 - 0x00007ff8d6c79000 	C:\Users\SAI VIGNESH\.jdks\openjdk-24.0.1\bin\extnet.dll
0x00007ff8d6c80000 - 0x00007ff8d6c8e000 	C:\Users\SAI VIGNESH\.jdks\openjdk-24.0.1\bin\sunmscapi.dll
0x00007ff8ea7a0000 - 0x00007ff8ea907000 	C:\WINDOWS\System32\CRYPT32.dll
0x00007ff8e9cf0000 - 0x00007ff8e9d1d000 	C:\WINDOWS\SYSTEM32\ncrypt.dll
0x00007ff8e9cb0000 - 0x00007ff8e9ce7000 	C:\WINDOWS\SYSTEM32\NTASN1.dll
0x00007ff8e9aa0000 - 0x00007ff8e9abb000 	C:\WINDOWS\SYSTEM32\CRYPTSP.dll
0x00007ff8e9320000 - 0x00007ff8e9357000 	C:\WINDOWS\system32\rsaenh.dll
0x00007ff8e9910000 - 0x00007ff8e9938000 	C:\WINDOWS\SYSTEM32\USERENV.dll
0x00007ff8e9ac0000 - 0x00007ff8e9acc000 	C:\WINDOWS\SYSTEM32\CRYPTBASE.dll
0x00007ff8e8e20000 - 0x00007ff8e8e4d000 	C:\WINDOWS\SYSTEM32\IPHLPAPI.DLL
0x00007ff8eb7e0000 - 0x00007ff8eb7e9000 	C:\WINDOWS\System32\NSI.dll
0x00007ff8d6c60000 - 0x00007ff8d6c6a000 	C:\Users\SAI VIGNESH\.jdks\openjdk-24.0.1\bin\management.dll
0x00007ff8d6c50000 - 0x00007ff8d6c5b000 	C:\Users\SAI VIGNESH\.jdks\openjdk-24.0.1\bin\management_ext.dll
0x00007ff8eb040000 - 0x00007ff8eb048000 	C:\WINDOWS\System32\PSAPI.DLL
0x00007ff8dcfc0000 - 0x00007ff8dcfd0000 	C:\Users\SAI VIGNESH\.jdks\openjdk-24.0.1\bin\verify.dll
0x00007ff8e8e50000 - 0x00007ff8e8f48000 	C:\WINDOWS\SYSTEM32\DNSAPI.dll
0x00007ff8e0600000 - 0x00007ff8e060a000 	C:\Windows\System32\rasadhlp.dll
0x00007ff8e0610000 - 0x00007ff8e0694000 	C:\WINDOWS\System32\fwpuclnt.dll

JVMTI agents:
C:\Program Files\JetBrains\IntelliJ IDEA Community Edition 2025.1.3\lib\idea_rt.jar path:C:\Users\SAI VIGNESH\.jdks\openjdk-24.0.1\bin\instrument.dll, loaded, initialized, instrumentlib options:52085

dbghelp: loaded successfully - version: 4.0.5 - missing functions: none
symbol engine: initialized successfully - sym options: 0x614 - pdb path: .;C:\Users\SAI VIGNESH\.jdks\openjdk-24.0.1\bin;C:\WINDOWS\SYSTEM32;C:\WINDOWS\WinSxS\amd64_microsoft.windows.common-controls_6595b64144ccf1df_6.0.22621.5547_none_27104afb73855772;C:\Users\SAI VIGNESH\.jdks\openjdk-24.0.1\bin\server

VM Arguments:
jvm_args: -javaagent:C:\Program Files\JetBrains\IntelliJ IDEA Community Edition 2025.1.3\lib\idea_rt.jar=52085 -Dfile.encoding=UTF-8 -Dsun.stdout.encoding=UTF-8 -Dsun.stderr.encoding=UTF-8 
java_command: com.example.project.ProjectApplication
java_class_path (initial): C:\Users\SAI VIGNESH\Downloads\Ecommerce\Backend\target\classes;C:\Users\SAI VIGNESH\.m2\repository\org\springframework\boot\spring-boot-starter-data-jdbc\3.5.3\spring-boot-starter-data-jdbc-3.5.3.jar;C:\Users\SAI VIGNESH\.m2\repository\org\springframework\boot\spring-boot-starter-jdbc\3.5.3\spring-boot-starter-jdbc-3.5.3.jar;C:\Users\SAI VIGNESH\.m2\repository\com\zaxxer\HikariCP\6.3.0\HikariCP-6.3.0.jar;C:\Users\SAI VIGNESH\.m2\repository\org\springframework\spring-jdbc\6.2.8\spring-jdbc-6.2.8.jar;C:\Users\SAI VIGNESH\.m2\repository\org\springframework\data\spring-data-jdbc\3.5.1\spring-data-jdbc-3.5.1.jar;C:\Users\SAI VIGNESH\.m2\repository\org\springframework\data\spring-data-relational\3.5.1\spring-data-relational-3.5.1.jar;C:\Users\SAI VIGNESH\.m2\repository\org\springframework\data\spring-data-commons\3.5.1\spring-data-commons-3.5.1.jar;C:\Users\SAI VIGNESH\.m2\repository\org\springframework\spring-tx\6.2.8\spring-tx-6.2.8.jar;C:\Users\SAI VIGNESH\.m2\repository\org\springframework\spring-context\6.2.8\spring-context-6.2.8.jar;C:\Users\SAI VIGNESH\.m2\repository\org\springframework\spring-beans\6.2.8\spring-beans-6.2.8.jar;C:\Users\SAI VIGNESH\.m2\repository\org\slf4j\slf4j-api\2.0.17\slf4j-api-2.0.17.jar;C:\Users\SAI VIGNESH\.m2\repository\org\springframework\boot\spring-boot-starter-data-jpa\3.5.3\spring-boot-starter-data-jpa-3.5.3.jar;C:\Users\SAI VIGNESH\.m2\repository\org\springframework\boot\spring-boot-starter\3.5.3\spring-boot-starter-3.5.3.jar;C:\Users\SAI VIGNESH\.m2\repository\org\springframework\boot\spring-boot\3.5.3\spring-boot-3.5.3.jar;C:\Users\SAI VIGNESH\.m2\repository\org\springframework\boot\spring-boot-autoconfigure\3.5.3\spring-boot-autoconfigure-3.5.3.jar;C:\Users\SAI VIGNESH\.m2\repository\org\springframework\boot\spring-boot-starter-logging\3.5.3\spring-boot-starter-logging-3.5.3.jar;C:\Users\SAI VIGNESH\.m2\repository\ch\qos\logback\logback-classic\1.5.18\logback-classic-1.5.18.jar;C:\Users\SAI VIGNESH\.m2\repository\ch\qos\logback\logback-core\1.5.18\logback-core-1.5.18.jar;C:\Users\SAI VIGNESH\.m2\repository\org\apache\logging\log4j\log4j-to-slf4j\2.24.3\log4j-to-slf4j-2.24.3.jar;C:\Users\SAI VIGNESH\.m2\repository\org\apache\logging\log4j\log4j-api\2.24.3\log4j-api-2.24.3.jar;C:\Users\SAI VIGNESH\.m2\repository\org\slf4j\jul-to-slf4j\2.0.17\jul-to-slf4j-2.0.17.jar;C:\Users\SAI VIGNESH\.m2\repository\jakarta\annotation\jakarta.annotation-api\2.1.1\jakarta.annotation-api-2.1.1.jar;C:\Users\SAI VIGNESH\.m2\repository\org\yaml\snakeyaml\2.4\snakeyaml-2.4.jar;C:\Users\SAI VIGNESH\.m2\repository\org\hibernate\orm\hibernate-core\6.6.18.Final\hibernate-core-6.6.18.Final.jar;C:\Users\SAI VIGNESH\.m2\repository\jakarta\persistence\jakarta.persistence-api\3.1.0\jakarta.persistence-api-3.1.0.jar;C:\Users\SAI VIGNESH\.m2\repository\jakarta\transaction\jakarta.transaction-api\2.0.1\jakarta.transaction-api-2.0.1.jar;C:\Users\SAI VIGNESH\.m2\repository\org\jboss\logging\jboss-logging\3.6.1.Final\jboss-logging-3.6.1.Final.jar;C:\Users\SAI VIGNESH\.m2\repository\org\hibernate\common\hibernate-commons-annotations\7.0.3.Final\hibernate-commons-annotations-7.0.3.Final.jar;C:\Users\SAI VIGNESH\.m2\repository\io\smallrye\jandex\3.2.0\jandex-3.2.0.jar;C:\Users\SAI VIGNESH\.m2\repository\com\fasterxml\classmate\1.7.0\classmate-1.7.0.jar;C:\Users\SAI VIGNESH\.m2\repository\net\bytebuddy\byte-buddy\1.17.6\byte-buddy-1.17.6.jar;C:\Users\SAI VIGNESH\.m2\repository\org\glassfish\jaxb\jaxb-runtime\4.0.5\jaxb-runtime-4.0.5.jar;C:\Users\SAI VIGNESH\.m2\repository\org\glassfish\jaxb\jaxb-core\4.0.5\jaxb-core-4.0.5.jar;C:\Users\SAI VIGNESH\.m2\repository\org\eclipse\angus\angus-activation\2.0.2\angus-activation-2.0.2.jar;C:\Users\SAI VIGNESH\.m2\repository\org\glassfish\jaxb\txw2\4.0.5\txw2-4.0.5.jar;C:\Users\SAI VIGNESH\.m2\repository\com\sun\istack\istack-commons-runtime\4.1.2\istack-commons-runtime-4.1.2.jar;C:\Users\SAI VIGNESH\.m2\repository\jakarta\inject\jakarta.inject-api\2.0.1\jakarta.inject-api-2.0.1.jar;C:\Users\SAI VIGNESH\.m2\repository\org\antlr\antlr4-runtime\4.13.0\antlr4-runtime-4.13.0.jar;C:\Users\SAI VIGNESH\.m2\repository\org\springframework\data\spring-data-jpa\3.5.1\spring-data-jpa-3.5.1.jar;C:\Users\SAI VIGNESH\.m2\repository\org\springframework\spring-orm\6.2.8\spring-orm-6.2.8.jar;C:\Users\SAI VIGNESH\.m2\repository\org\springframework\spring-aspects\6.2.8\spring-aspects-6.2.8.jar;C:\Users\SAI VIGNESH\.m2\repository\org\aspectj\aspectjweaver\1.9.24\aspectjweaver-1.9.24.jar;C:\Users\SAI VIGNESH\.m2\repository\org\springframework\boot\spring-boot-starter-security\3.5.3\spring-boot-starter-security-3.5.3.jar;C:\Users\SAI VIGNESH\.m2\repository\org\springframework\spring-aop\6.2.8\spring-aop-6.2.8.jar;C:\Users\SAI VIGNESH\.m2\repository\org\springframework\security\spring-security-config\6.5.1\spring-security-config-6.5.1.jar;C:\Users\SAI VIGNESH\.m2\repository\org\springframework\security\spring-security-web\6.5.1\spring-security-web-6.5.1.jar;C:\Users\SAI VIGNESH\.m2\repository\org\springframework\spring-expression\6.2.8\spring-expression-6.2.8.jar;C:\Users\SAI VIGNESH\.m2\repository\org\springframework\boot\spring-boot-starter-validation\3.5.3\spring-boot-starter-validation-3.5.3.jar;C:\Users\SAI VIGNESH\.m2\repository\org\apache\tomcat\embed\tomcat-embed-el\10.1.42\tomcat-embed-el-10.1.42.jar;C:\Users\SAI VIGNESH\.m2\repository\org\hibernate\validator\hibernate-validator\8.0.2.Final\hibernate-validator-8.0.2.Final.jar;C:\Users\SAI VIGNESH\.m2\repository\jakarta\validation\jakarta.validation-api\3.0.2\jakarta.validation-api-3.0.2.jar;C:\Users\SAI VIGNESH\.m2\repository\org\springframework\boot\spring-boot-starter-web\3.5.3\spring-boot-starter-web-3.5.3.jar;C:\Users\SAI VIGNESH\.m2\repository\org\springframework\boot\spring-boot-starter-json\3.5.3\spring-boot-starter-json-3.5.3.jar;C:\Users\SAI VIGNESH\.m2\repository\com\fasterxml\jackson\datatype\jackson-datatype-jdk8\2.19.1\jackson-datatype-jdk8-2.19.1.jar;C:\Users\SAI VIGNESH\.m2\repository\com\fasterxml\jackson\datatype\jackson-datatype-jsr310\2.19.1\jackson-datatype-jsr310-2.19.1.jar;C:\Users\SAI VIGNESH\.m2\repository\com\fasterxml\jackson\module\jackson-module-parameter-names\2.19.1\jackson-module-parameter-names-2.19.1.jar;C:\Users\SAI VIGNESH\.m2\repository\org\springframework\boot\spring-boot-starter-tomcat\3.5.3\spring-boot-starter-tomcat-3.5.3.jar;C:\Users\SAI VIGNESH\.m2\repository\org\apache\tomcat\embed\tomcat-embed-core\10.1.42\tomcat-embed-core-10.1.42.jar;C:\Users\SAI VIGNESH\.m2\repository\org\apache\tomcat\embed\tomcat-embed-websocket\10.1.42\tomcat-embed-websocket-10.1.42.jar;C:\Users\SAI VIGNESH\.m2\repository\org\springframework\spring-web\6.2.8\spring-web-6.2.8.jar;C:\Users\SAI VIGNESH\.m2\repository\io\micrometer\micrometer-observation\1.15.1\micrometer-observation-1.15.1.jar;C:\Users\SAI VIGNESH\.m2\repository\io\micrometer\micrometer-commons\1.15.1\micrometer-commons-1.15.1.jar;C:\Users\SAI VIGNESH\.m2\repository\org\springframework\spring-webmvc\6.2.8\spring-webmvc-6.2.8.jar;C:\Users\SAI VIGNESH\.m2\repository\com\mysql\mysql-connector-j\9.2.0\mysql-connector-j-9.2.0.jar;C:\Users\SAI VIGNESH\.m2\repository\org\postgresql\postgresql\42.7.7\postgresql-42.7.7.jar;C:\Users\SAI VIGNESH\.m2\repository\org\checkerframework\checker-qual\3.49.3\checker-qual-3.49.3.jar;C:\Users\SAI VIGNESH\.m2\repository\org\projectlombok\lombok\1.18.38\lombok-1.18.38.jar;C:\Users\SAI VIGNESH\.m2\repository\jakarta\xml\bind\jakarta.xml.bind-api\4.0.2\jakarta.xml.bind-api-4.0.2.jar;C:\Users\SAI VIGNESH\.m2\repository\jakarta\activation\jakarta.activation-api\2.1.3\jakarta.activation-api-2.1.3.jar;C:\Users\SAI VIGNESH\.m2\repository\org\springframework\spring-core\6.2.8\spring-core-6.2.8.jar;C:\Users\SAI VIGNESH\.m2\repository\org\springframework\spring-jcl\6.2.8\spring-jcl-6.2.8.jar;C:\Users\SAI VIGNESH\.m2\repository\org\springframework\security\spring-security-core\6.5.1\spring-security-core-6.5.1.jar;C:\Users\SAI VIGNESH\.m2\repository\org\springframework\security\spring-security-crypto\6.5.1\spring-security-crypto-6.5.1.jar;C:\Users\SAI VIGNESH\.m2\repository\io\jsonwebtoken\jjwt\0.9.1\jjwt-0.9.1.jar;C:\Users\SAI VIGNESH\.m2\repository\com\fasterxml\jackson\core\jackson-databind\2.19.1\jackson-databind-2.19.1.jar;C:\Users\SAI VIGNESH\.m2\repository\com\fasterxml\jackson\core\jackson-annotations\2.19.1\jackson-annotations-2.19.1.jar;C:\Users\SAI VIGNESH\.m2\repository\com\fasterxml\jackson\core\jackson-core\2.19.1\jackson-core-2.19.1.jar
Launcher Type: SUN_STANDARD

[Global flags]
     intx CICompilerCount                          = 3                                         {product} {ergonomic}
     uint ConcGCThreads                            = 1                                         {product} {ergonomic}
     uint G1ConcRefinementThreads                  = 4                                         {product} {ergonomic}
   size_t G1HeapRegionSize                         = 1048576                                   {product} {ergonomic}
   size_t InitialHeapSize                          = 130023424                                 {product} {ergonomic}
   size_t MarkStackSize                            = 4194304                                   {product} {ergonomic}
   size_t MarkStackSizeMax                         = 536870912                                 {product} {ergonomic}
   size_t MaxHeapSize                              = 2078277632                                {product} {ergonomic}
   size_t MaxNewSize                               = 1246756864                                {product} {ergonomic}
   size_t MinHeapDeltaBytes                        = 1048576                                   {product} {ergonomic}
   size_t MinHeapSize                              = 8388608                                   {product} {ergonomic}
    uintx NonNMethodCodeHeapSize                   = 5832704                                {pd product} {ergonomic}
    uintx NonProfiledCodeHeapSize                  = 122945536                              {pd product} {ergonomic}
    uintx ProfiledCodeHeapSize                     = 122880000                              {pd product} {ergonomic}
    uintx ReservedCodeCacheSize                    = 251658240                              {pd product} {ergonomic}
     bool SegmentedCodeCache                       = true                                      {product} {ergonomic}
   size_t SoftMaxHeapSize                          = 2078277632                             {manageable} {ergonomic}
     bool UseCompressedOops                        = true                           {product lp64_product} {ergonomic}
     bool UseG1GC                                  = true                                      {product} {ergonomic}
     bool UseLargePagesIndividualAllocation        = false                                  {pd product} {ergonomic}

Logging:
Log output configuration:
 #0: stdout all=warning uptime,level,tags foldmultilines=false
 #1: stderr all=off uptime,level,tags foldmultilines=false

Environment Variables:
JAVA_HOME=C:\Program Files\Java\jdk-24
PATH=C:\Program Files\Common Files\Oracle\Java\javapath;C:\Program Files (x86)\Common Files\Oracle\Java\java8path;C:\Program Files (x86)\Common Files\Oracle\Java\javapath;c:\Users\SAI VIGNESH\AppData\Local\Programs\cursor\resources\app\bin;C:\oraclexe\app\oracle\product\11.2.0\server\bin;C:\WINDOWS\system32;C:\WINDOWS;C:\WINDOWS\System32\Wbem;C:\WINDOWS\System32\WindowsPowerShell\v1.0\;C:\WINDOWS\System32\OpenSSH\;C:\Program Files\dotnet\;C:\MinGW\bin;C:\Program Files\Git\cmd;C:\Program Files\Java\jdk-24\bin;C:\hadoopsetup\hadoop-3.2.4\bin;C:\Program Files\MySQL\MySQL Server 8.0\bin;C:\hadoopsetup\hadoop-3.2.4\bin;C:\hadoopsetup\hadoop-3.2.4\sbin;C:\Java\jdk-1.8\bin;C:\Program Files\MySQL\MySQL Shell 8.0\bin\;C:\Users\SAI VIGNESH\AppData\Local\Programs\Eclipse Adoptium\jdk-17.0.9.9-hotspot\bin;C:\Users\SAI VIGNESH\AppData\Local\Microsoft\WindowsApps;C:\MinGW\bin;C:\msys64\ucrt64\bin;C:\MinGW\bin;c:\Users\SAI VIGNESH\AppData\Local\Programs\cursor\resources\app\bin;C:\Program Files\nodejs\;C:\hive\apache-hive-3.1.3-bin\bin;C:\derby\db-derby-10.14.2.0-bin\bin;C:\hbasesetup\hbase-1.4.9\bin;C:\pig-0.17.0\bin;C:\Program Files\Docker\Docker\resources\bin;C:\Program Files\Apache\Maven\bin;C:\Program Files\MySQL\MySQL Shell 8.0\bin\;C:\Users\SAI VIGNESH\AppData\Local\Programs\Eclipse Adoptium\jdk-17.0.9.9-hotspot\bin;C:\Users\SAI VIGNESH\AppData\Local\Microsoft\WindowsApps;C:\MinGW\bin;C:\Users\SAI VIGNESH\AppData\Local\Programs\Microsoft VS Code\bin;C:\msys64\ucrt64\bin;C:\MinGW\bin;C:\Users\SAI VIGNESH\AppData\Local\Programs\cursor\resources\app\bin;C:\Users\SAI VIGNESH\AppData\Roaming\npm
USERNAME=SAI VIGNESH
OS=Windows_NT
PROCESSOR_IDENTIFIER=Intel64 Family 6 Model 140 Stepping 1, GenuineIntel
TMP=C:\Users\SAIVIG~1\AppData\Local\Temp
TEMP=C:\Users\SAIVIG~1\AppData\Local\Temp




Periodic native trim disabled

---------------  S Y S T E M  ---------------

OS:
 Windows 11 , 64 bit Build 22621 (10.0.22621.5415)
OS uptime: 0 days 0:29 hours
Hyper-V role detected

CPU: total 4 (initial active 4) (2 cores per cpu, 2 threads per core) family 6 model 140 stepping 1 microcode 0xbc, cx8, cmov, fxsr, ht, mmx, 3dnowpref, sse, sse2, sse3, ssse3, sse4.1, sse4.2, popcnt, lzcnt, tsc, tscinvbit, avx, avx2, aes, erms, clmul, bmi1, bmi2, adx, avx512f, avx512dq, avx512cd, avx512bw, avx512vl, sha, fma, vzeroupper, avx512_vpopcntdq, avx512_vpclmulqdq, avx512_vaes, avx512_vnni, clflush, clflushopt, clwb, avx512_vbmi2, avx512_vbmi, hv, rdtscp, rdpid, fsrm, gfni, avx512_bitalg, f16c, cet_ibt, cet_ss, avx512_ifma
Processor Information for the first 4 processors :
  Max Mhz: 2995, Current Mhz: 2995, Mhz Limit: 2995

Memory: 4k page, system-wide physical 7926M (252M free)
TotalPageFile size 16118M (AvailPageFile size 5M)
current process WorkingSet (physical memory assigned to process): 246M, peak: 247M
current process commit charge ("private bytes"): 274M, peak: 275M

vm_info: OpenJDK 64-Bit Server VM (24.0.1+9-30) for windows-amd64 JRE (24.0.1+9-30), built on 2025-03-05T07:23:45Z with MS VC++ 17.6 (VS2022)

END.
